<?xml version="1.0" encoding="UTF-8"?>
<testng-results skipped="0" failed="0" ignored="0" total="1" passed="1">
  <reporter-output>
  </reporter-output>
  <suite name="Default suite" duration-ms="40123" started-at="2020-07-17T12:25:24 IST" finished-at="2020-07-17T12:26:04 IST">
    <groups>
    </groups>
    <test name="Default test" duration-ms="40123" started-at="2020-07-17T12:25:24 IST" finished-at="2020-07-17T12:26:04 IST">
      <class name="automatedemo.Register">
        <test-method status="PASS" signature="registrationTest()[pri:0, instance:automatedemo.Register@6e0e048a]" name="registrationTest" duration-ms="40079" started-at="2020-07-17T12:25:24 IST" finished-at="2020-07-17T12:26:04 IST">
          <reporter-output>
          </reporter-output>
        </test-method> <!-- registrationTest -->
      </class> <!-- automatedemo.Register -->
    </test> <!-- Default test -->
  </suite> <!-- Default suite -->
</testng-results>
